<?xml version="1.0" encoding="UTF-8"?>
<!-- Generated by org.testng.reporters.JUnitReportReporter -->
<testsuite hostname="USABOS217669L" name="com.was.qa.testcases.PayBillsPageTest" tests="1" failures="0" timestamp="16 Oct 2018 00:19:47 GMT" time="13.081" errors="0">
  <testcase name="payBillsPageTitleTest" time="13.081" classname="com.was.qa.testcases.PayBillsPageTest"/>
</testsuite> <!-- com.was.qa.testcases.PayBillsPageTest -->
