<?xml version="1.0" encoding="UTF-8"?>
<!-- Generated by org.testng.reporters.JUnitReportReporter -->
<testsuite hostname="USABOS217669L" name="com.was.qa.testcases.MyMoneyMapPageTest" tests="3" failures="0" timestamp="16 Oct 2018 00:19:47 GMT" time="79.150" errors="0">
  <testcase name="test2" time="29.045" classname="com.was.qa.testcases.MyMoneyMapPageTest"/>
  <testcase name="test1" time="21.572" classname="com.was.qa.testcases.MyMoneyMapPageTest"/>
  <testcase name="test3" time="28.533" classname="com.was.qa.testcases.MyMoneyMapPageTest"/>
</testsuite> <!-- com.was.qa.testcases.MyMoneyMapPageTest -->
