<?xml version="1.0" encoding="UTF-8"?>
<!-- Generated by org.testng.reporters.JUnitReportReporter -->
<testsuite hostname="USABOS217669L" name="com.was.qa.testcases.MyMoneyMapPageTest" tests="3" failures="0" timestamp="14 Oct 2018 22:24:11 GMT" time="75.272" errors="0">
  <testcase name="test3" time="27.602" classname="com.was.qa.testcases.MyMoneyMapPageTest"/>
  <testcase name="test1" time="20.020" classname="com.was.qa.testcases.MyMoneyMapPageTest"/>
  <testcase name="test2" time="27.650" classname="com.was.qa.testcases.MyMoneyMapPageTest"/>
</testsuite> <!-- com.was.qa.testcases.MyMoneyMapPageTest -->
