<?xml version="1.0" encoding="UTF-8"?>
<!-- Generated by org.testng.reporters.JUnitReportReporter -->
<testsuite hostname="USABOS216482L" name="com.was.qa.testcases.LoginPageTest" tests="2" failures="0" timestamp="13 Oct 2018 16:14:08 GMT" time="33.638" errors="0">
  <testcase name="loginTest" time="21.349" classname="com.was.qa.testcases.LoginPageTest"/>
  <testcase name="loginPageTitleTest" time="12.289" classname="com.was.qa.testcases.LoginPageTest"/>
</testsuite> <!-- com.was.qa.testcases.LoginPageTest -->
