<?xml version="1.0" encoding="UTF-8"?>
<!-- Generated by org.testng.reporters.JUnitReportReporter -->
<testsuite hostname="USABOS217669L" name="com.was.qa.testcases.MyMoneyMapPageTest" tests="1" failures="0" timestamp="10 Oct 2018 22:59:57 GMT" time="40.606" errors="0">
  <testcase name="test1" time="40.606" classname="com.was.qa.testcases.MyMoneyMapPageTest"/>
</testsuite> <!-- com.was.qa.testcases.MyMoneyMapPageTest -->
