<?xml version="1.0" encoding="UTF-8"?>
<!-- Generated by org.testng.reporters.JUnitReportReporter -->
<testsuite hostname="USABOS217669L" name="com.was.qa.testcases.LoginPageTest" tests="2" failures="0" timestamp="14 Oct 2018 20:37:16 GMT" time="30.755" errors="0">
  <testcase name="loginPageTitleTest" time="11.764" classname="com.was.qa.testcases.LoginPageTest"/>
  <testcase name="loginTest" time="18.991" classname="com.was.qa.testcases.LoginPageTest"/>
</testsuite> <!-- com.was.qa.testcases.LoginPageTest -->
