<?xml version="1.0" encoding="UTF-8"?>
<!-- Generated by org.testng.reporters.JUnitReportReporter -->
<testsuite hostname="USABOS217669L" name="com.was.qa.testcases.LoginPageTest" tests="2" failures="0" timestamp="10 Oct 2018 21:16:48 GMT" time="14.682" errors="0">
  <testcase name="loginPageTitleTest" time="7.463" classname="com.was.qa.testcases.LoginPageTest"/>
  <testcase name="loginTest" time="7.219" classname="com.was.qa.testcases.LoginPageTest"/>
</testsuite> <!-- com.was.qa.testcases.LoginPageTest -->
