<?xml version="1.0" encoding="UTF-8"?>
<!-- Generated by org.testng.reporters.JUnitReportReporter -->
<testsuite hostname="USABOS216482L" name="com.was.qa.testcases.MyMoneyMapPageTest" tests="1" failures="0" timestamp="13 Oct 2018 20:11:56 GMT" time="50.702" errors="0">
  <testcase name="test1" time="50.702" classname="com.was.qa.testcases.MyMoneyMapPageTest"/>
</testsuite> <!-- com.was.qa.testcases.MyMoneyMapPageTest -->
