<?xml version="1.0" encoding="UTF-8"?>
<!-- Generated by org.testng.reporters.JUnitReportReporter -->
<testsuite hostname="USABOS217669L" name="com.was.qa.testcases.HomePageTest" tests="4" failures="0" timestamp="14 Oct 2018 21:30:34 GMT" time="79.429" errors="0">
  <testcase name="contextClickEnglishTranslationTest" time="23.572" classname="com.was.qa.testcases.HomePageTest"/>
  <testcase name="homePageTitleTest" time="14.059" classname="com.was.qa.testcases.HomePageTest"/>
  <testcase name="ctrlADeleteTest" time="20.552" classname="com.was.qa.testcases.HomePageTest"/>
  <testcase name="selectHelpTest" time="21.246" classname="com.was.qa.testcases.HomePageTest"/>
</testsuite> <!-- com.was.qa.testcases.HomePageTest -->
