<?xml version="1.0" encoding="UTF-8"?>
<!-- Generated by org.testng.reporters.JUnitReportReporter -->
<testsuite hostname="USABOS216482L" name="com.was.qa.testcases.LoginPageTest" tests="2" failures="0" timestamp="12 Oct 2018 22:25:08 GMT" time="41.904" errors="0">
  <testcase name="loginTest" time="27.872" classname="com.was.qa.testcases.LoginPageTest"/>
  <testcase name="loginPageTitleTest" time="14.032" classname="com.was.qa.testcases.LoginPageTest"/>
</testsuite> <!-- com.was.qa.testcases.LoginPageTest -->
