<?xml version="1.0" encoding="UTF-8"?>
<!-- Generated by org.testng.reporters.JUnitReportReporter -->
<testsuite hostname="USABOS217669L" name="com.was.qa.testcases.HomePageTest" tests="1" failures="0" timestamp="15 Oct 2018 06:06:35 GMT" time="20.646" errors="0">
  <testcase name="logOutTest" time="20.646" classname="com.was.qa.testcases.HomePageTest"/>
</testsuite> <!-- com.was.qa.testcases.HomePageTest -->
