<?xml version="1.0" encoding="UTF-8"?>
<!-- Generated by org.testng.reporters.JUnitReportReporter -->
<testsuite hostname="USABOS217669L" name="com.was.qa.testcases.MainPageTest" tests="3" failures="0" timestamp="11 Oct 2018 20:13:17 GMT" time="59.268" errors="0">
  <testcase name="mainPageTitleTest" time="32.559" classname="com.was.qa.testcases.MainPageTest"/>
  <testcase name="zeroBankLogoTest" time="11.907" classname="com.was.qa.testcases.MainPageTest"/>
  <testcase name="navigateToLoginPageTest" time="14.802" classname="com.was.qa.testcases.MainPageTest"/>
</testsuite> <!-- com.was.qa.testcases.MainPageTest -->
