<?xml version="1.0" encoding="UTF-8"?>
<!-- Generated by org.testng.reporters.JUnitReportReporter -->
<testsuite hostname="USABOS217669L" name="com.was.qa.testcases.LoginPageTest" tests="2" failures="0" timestamp="11 Oct 2018 20:26:03 GMT" time="29.344" errors="0">
  <testcase name="loginPageTitleTest" time="10.302" classname="com.was.qa.testcases.LoginPageTest"/>
  <testcase name="loginTest" time="19.042" classname="com.was.qa.testcases.LoginPageTest"/>
</testsuite> <!-- com.was.qa.testcases.LoginPageTest -->
