<?xml version="1.0" encoding="UTF-8"?>
<!-- Generated by org.testng.reporters.JUnitReportReporter -->
<testsuite hostname="USABOS217669L" name="com.was.qa.testcases.HomePageTest" tests="6" failures="0" timestamp="16 Oct 2018 00:19:47 GMT" time="105.200" errors="0">
  <testcase name="logOutTest" time="20.275" classname="com.was.qa.testcases.HomePageTest"/>
  <testcase name="selectHelpFromDropDownTest" time="19.724" classname="com.was.qa.testcases.HomePageTest"/>
  <testcase name="homePageTitleTest" time="13.107" classname="com.was.qa.testcases.HomePageTest"/>
  <testcase name="validateUserTest" time="13.069" classname="com.was.qa.testcases.HomePageTest"/>
  <testcase name="ctrlATest" time="23.152" classname="com.was.qa.testcases.HomePageTest"/>
  <testcase name="contextClickTest" time="15.873" classname="com.was.qa.testcases.HomePageTest"/>
</testsuite> <!-- com.was.qa.testcases.HomePageTest -->
