<?xml version="1.0" encoding="UTF-8"?>
<!-- Generated by org.testng.reporters.JUnitReportReporter -->
<<<<<<< HEAD
<testsuite hostname="USABOS217669L" name="com.was.qa.testcases.LoginPageTest" tests="2" failures="0" timestamp="14 Oct 2018 20:37:16 GMT" time="30.755" errors="0">
  <testcase name="loginPageTitleTest" time="11.764" classname="com.was.qa.testcases.LoginPageTest"/>
  <testcase name="loginTest" time="18.991" classname="com.was.qa.testcases.LoginPageTest"/>
=======
<testsuite hostname="USABOS216482L" name="com.was.qa.testcases.LoginPageTest" tests="2" failures="0" timestamp="13 Oct 2018 16:14:08 GMT" time="33.638" errors="0">
  <testcase name="loginTest" time="21.349" classname="com.was.qa.testcases.LoginPageTest"/>
  <testcase name="loginPageTitleTest" time="12.289" classname="com.was.qa.testcases.LoginPageTest"/>
>>>>>>> 3776af68470631ef99bb24833f9dcf458a8932e4
</testsuite> <!-- com.was.qa.testcases.LoginPageTest -->
