<?xml version="1.0" encoding="UTF-8"?>
<!-- Generated by org.testng.reporters.JUnitReportReporter -->
<testsuite hostname="USABOS217669L" name="com.was.qa.testcases.HomePageTest" tests="1" failures="0" timestamp="12 Oct 2018 15:12:48 GMT" time="26.262" errors="0">
  <testcase name="clearSearchBarByF5Test" time="26.262" classname="com.was.qa.testcases.HomePageTest"/>
</testsuite> <!-- com.was.qa.testcases.HomePageTest -->
