<?xml version="1.0" encoding="UTF-8"?>
<!-- Generated by org.testng.reporters.JUnitReportReporter -->
<testsuite hostname="USABOS217669L" name="com.was.qa.testcases.TransferFundsPageTest" tests="3" failures="0" timestamp="16 Oct 2018 00:19:47 GMT" time="50.504" errors="0">
  <testcase name="transferFundsPageTitleTest" time="14.271" classname="com.was.qa.testcases.TransferFundsPageTest"/>
  <testcase name="insuffcientFundsTest" time="17.531" classname="com.was.qa.testcases.TransferFundsPageTest"/>
  <testcase name="accountTransferToSameAccountTest" time="18.702" classname="com.was.qa.testcases.TransferFundsPageTest"/>
</testsuite> <!-- com.was.qa.testcases.TransferFundsPageTest -->
