<?xml version="1.0" encoding="UTF-8"?>
<!-- Generated by org.testng.reporters.JUnitReportReporter -->
<testsuite hostname="USABOS217669L" name="com.was.qa.testcases.MainPageTest" tests="3" failures="0" timestamp="16 Oct 2018 00:19:47 GMT" time="28.448" errors="0">
  <testcase name="zeroBankLogoTest" time="8.904" classname="com.was.qa.testcases.MainPageTest"/>
  <testcase name="navigateToLoginPageTest" time="11.538" classname="com.was.qa.testcases.MainPageTest"/>
  <testcase name="mainPageTitleTest" time="8.006" classname="com.was.qa.testcases.MainPageTest"/>
</testsuite> <!-- com.was.qa.testcases.MainPageTest -->
