<?xml version="1.0" encoding="UTF-8"?>
<!-- Generated by org.testng.reporters.JUnitReportReporter -->
<testsuite hostname="USABOS217669L" name="com.was.qa.testcases.LoginPageTest" tests="2" failures="0" timestamp="16 Oct 2018 00:19:47 GMT" time="28.345" errors="0">
  <testcase name="loginPageTitleTest" time="11.659" classname="com.was.qa.testcases.LoginPageTest"/>
  <testcase name="loginTest" time="16.686" classname="com.was.qa.testcases.LoginPageTest"/>
</testsuite> <!-- com.was.qa.testcases.LoginPageTest -->
