<?xml version="1.0" encoding="UTF-8"?>
<!-- Generated by org.testng.reporters.JUnitReportReporter -->
<testsuite hostname="USABOS217669L" name="com.was.qa.testcases.HomePageTest" tests="4" failures="0" timestamp="12 Oct 2018 16:23:39 GMT" time="94.061" errors="0">
  <testcase name="contextClickEnglishTranslationTest" time="33.799" classname="com.was.qa.testcases.HomePageTest"/>
  <testcase name="selectHelpTest" time="21.607" classname="com.was.qa.testcases.HomePageTest"/>
  <testcase name="homePageTitleTest" time="15.385" classname="com.was.qa.testcases.HomePageTest"/>
  <testcase name="clearSearchBarByF5Test" time="23.270" classname="com.was.qa.testcases.HomePageTest"/>
</testsuite> <!-- com.was.qa.testcases.HomePageTest -->
